The system is: Linux - sh: 0: getcwd() failed: No such file or directory
5.4.0-72-generic - sh: 0: getcwd() failed: No such file or directory
x86_64
Determining if the C compiler works passed with the following output:
Change Dir: /home/cs18/Desktop/HomeWork3/build/CMakeFiles/CMakeTmp

Run Build Command:"/usr/bin/make" "cmTC_8d398/fast"
/usr/bin/make -f CMakeFiles/cmTC_8d398.dir/build.make CMakeFiles/cmTC_8d398.dir/build
make[1]: Entering directory '/home/cs18/Desktop/HomeWork3/build/CMakeFiles/CMakeTmp'
Building C object CMakeFiles/cmTC_8d398.dir/testCCompiler.c.o
/usr/bin/gcc-7    -o CMakeFiles/cmTC_8d398.dir/testCCompiler.c.o   -c /home/cs18/Desktop/HomeWork3/build/CMakeFiles/CMakeTmp/testCCompiler.c
Linking C executable cmTC_8d398
/usr/bin/cmake -E cmake_link_script CMakeFiles/cmTC_8d398.dir/link.txt --verbose=1
/usr/bin/gcc-7      CMakeFiles/cmTC_8d398.dir/testCCompiler.c.o  -o cmTC_8d398 
make[1]: Leaving directory '/home/cs18/Desktop/HomeWork3/build/CMakeFiles/CMakeTmp'


Detecting C compiler ABI info compiled with the following output:
Change Dir: /home/cs18/Desktop/HomeWork3/build/CMakeFiles/CMakeTmp

Run Build Command:"/usr/bin/make" "cmTC_63588/fast"
/usr/bin/make -f CMakeFiles/cmTC_63588.dir/build.make CMakeFiles/cmTC_63588.dir/build
make[1]: Entering directory '/home/cs18/Desktop/HomeWork3/build/CMakeFiles/CMakeTmp'
Building C object CMakeFiles/cmTC_63588.dir/CMakeCCompilerABI.c.o
/usr/bin/gcc-7    -o CMakeFiles/cmTC_63588.dir/CMakeCCompilerABI.c.o   -c /usr/share/cmake-3.10/Modules/CMakeCCompilerABI.c
Linking C executable cmTC_63588
/usr/bin/cmake -E cmake_link_script CMakeFiles/cmTC_63588.dir/link.txt --verbose=1
/usr/bin/gcc-7      CMakeFiles/cmTC_63588.dir/CMakeCCompilerABI.c.o  -o cmTC_63588 
make[1]: Leaving directory '/home/cs18/Desktop/HomeWork3/build/CMakeFiles/CMakeTmp'


Determining if the CXX compiler works passed with the following output:
Change Dir: /home/cs18/Desktop/HomeWork3/build/CMakeFiles/CMakeTmp

Run Build Command:"/usr/bin/make" "cmTC_6377f/fast"
/usr/bin/make -f CMakeFiles/cmTC_6377f.dir/build.make CMakeFiles/cmTC_6377f.dir/build
make[1]: Entering directory '/home/cs18/Desktop/HomeWork3/build/CMakeFiles/CMakeTmp'
Building CXX object CMakeFiles/cmTC_6377f.dir/testCXXCompiler.cxx.o
/usr/bin/g++-7     -o CMakeFiles/cmTC_6377f.dir/testCXXCompiler.cxx.o -c /home/cs18/Desktop/HomeWork3/build/CMakeFiles/CMakeTmp/testCXXCompiler.cxx
Linking CXX executable cmTC_6377f
/usr/bin/cmake -E cmake_link_script CMakeFiles/cmTC_6377f.dir/link.txt --verbose=1
/usr/bin/g++-7       CMakeFiles/cmTC_6377f.dir/testCXXCompiler.cxx.o  -o cmTC_6377f 
make[1]: Leaving directory '/home/cs18/Desktop/HomeWork3/build/CMakeFiles/CMakeTmp'


Detecting CXX compiler ABI info compiled with the following output:
Change Dir: /home/cs18/Desktop/HomeWork3/build/CMakeFiles/CMakeTmp

Run Build Command:"/usr/bin/make" "cmTC_5b99f/fast"
/usr/bin/make -f CMakeFiles/cmTC_5b99f.dir/build.make CMakeFiles/cmTC_5b99f.dir/build
make[1]: Entering directory '/home/cs18/Desktop/HomeWork3/build/CMakeFiles/CMakeTmp'
Building CXX object CMakeFiles/cmTC_5b99f.dir/CMakeCXXCompilerABI.cpp.o
/usr/bin/g++-7     -o CMakeFiles/cmTC_5b99f.dir/CMakeCXXCompilerABI.cpp.o -c /usr/share/cmake-3.10/Modules/CMakeCXXCompilerABI.cpp
Linking CXX executable cmTC_5b99f
/usr/bin/cmake -E cmake_link_script CMakeFiles/cmTC_5b99f.dir/link.txt --verbose=1
/usr/bin/g++-7       CMakeFiles/cmTC_5b99f.dir/CMakeCXXCompilerABI.cpp.o  -o cmTC_5b99f 
make[1]: Leaving directory '/home/cs18/Desktop/HomeWork3/build/CMakeFiles/CMakeTmp'


